assignment.html     http://outreach.vlabs.ac.in/
contributors.html     http://outreach.vlabs.ac.in/
feedback.html     http://outreach.vlabs.ac.in/
index.html     http://outreach.vlabs.ac.in/
objective.html     http://outreach.vlabs.ac.in/
performance-report.html     http://vlab.co.in
posttest.html     http://outreach.vlabs.ac.in/
pretest.html     http://outreach.vlabs.ac.in/
procedure.html     http://outreach.vlabs.ac.in/
references.html     http://users.ece.utexas.edu/~adnan/vlsi-05-backup/lec7Spice.ppt
references.html     http://outreach.vlabs.ac.in/
theory.html     http://outreach.vlabs.ac.in/
validator-report.html     http://vlab.co.in
simulation/exp4/Feedback.html     http://vlab.co.in/
simulation/exp4/Feedback.html     http://vlab.co.in/
simulation/exp4/Feedback.html     http://vlab.co.in/participating-institutes
simulation/exp4/Feedback.html     http://vlab.co.in/contact-us
simulation/exp4/Feedback.html     http://vlab.co.in/broad-area-computer-science-and-engineering
simulation/exp4/Feedback.html     http://209.211.220.205/feedback/feedback.html
simulation/exp4/Feedback.html     http://www.sakshat.ac.in/
simulation/exp4/Feedback.html     http://outreach.vlabs.ac.in/
simulation/exp4/Feedback.html     http://vlab.co.in/faq
simulation/exp4/Introduction.html     http://vlab.co.in/
simulation/exp4/Introduction.html     http://vlab.co.in/
simulation/exp4/Introduction.html     http://vlab.co.in/participating-institutes
simulation/exp4/Introduction.html     http://vlab.co.in/contact-us
simulation/exp4/Introduction.html     http://www.sakshat.ac.in/
simulation/exp4/Introduction.html     http://vlab.co.in/broad-area-computer-science-and-engineering
simulation/exp4/Introduction.html     http://outreach.vlabs.ac.in/
simulation/exp4/Introduction.html     http://vlab.co.in/faq
simulation/exp4/Manual.html     http://vlabs.ac.in/index.html
simulation/exp4/Manual.html     http://vlabs.ac.in/index.html
simulation/exp4/Manual.html     http://vlabs.ac.in/index.html#partner
simulation/exp4/Manual.html     http://vlabs.ac.in/index.html#contact
simulation/exp4/Manual.html     http://vlabs.ac.in/computer-science-and-engineering-labs.html
simulation/exp4/Manual.html     http://www.sakshat.ac.in/
simulation/exp4/Manual.html     http://outreach.vlabs.ac.in/
simulation/exp4/Manual.html     http://vlab.co.in/faq
simulation/exp4/Objective.html     http://vlab.co.in/
simulation/exp4/Objective.html     http://vlab.co.in/
simulation/exp4/Objective.html     http://vlab.co.in/participating-institutesx
simulation/exp4/Objective.html     http://vlab.co.in/contact-us
simulation/exp4/Objective.html     http://vlab.co.in/broad-area-computer-science-and-engineering
simulation/exp4/Objective.html     http://www.sakshat.ac.in/
simulation/exp4/Objective.html     http://outreach.vlabs.ac.in/
simulation/exp4/Objective.html     http://vlab.co.in/faq
simulation/exp4/Procedure.html     http://vlab.co.in/
simulation/exp4/Procedure.html     http://vlab.co.in/
simulation/exp4/Procedure.html     http://vlab.co.in/participating-institutes
simulation/exp4/Procedure.html     http://vlab.co.in/contact-us
simulation/exp4/Procedure.html     http://vlab.co.in/broad-area-computer-science-and-engineering
simulation/exp4/Procedure.html     http://www.sakshat.ac.in/
simulation/exp4/Procedure.html     http://outreach.vlabs.ac.in/
simulation/exp4/Procedure.html     http://vlab.co.in/faq
simulation/exp4/Quiz.html     http://vlab.co.in/
simulation/exp4/Quiz.html     http://vlab.co.in/
simulation/exp4/Quiz.html     http://vlab.co.in/participating-institutes
simulation/exp4/Quiz.html     http://vlab.co.in/contact-us
simulation/exp4/Quiz.html     http://vlab.co.in/broad-area-computer-science-and-engineering
simulation/exp4/Quiz.html     http://www.sakshat.ac.in/
simulation/exp4/Quiz.html     http://outreach.vlabs.ac.in/
simulation/exp4/Quiz.html     http://vlab.co.in/faq
simulation/exp4/References.html     http://vlab.co.in/
simulation/exp4/References.html     http://vlab.co.in/
simulation/exp4/References.html     http://vlab.co.in/participating-institutes
simulation/exp4/References.html     http://vlab.co.in/contact-us
simulation/exp4/References.html     http://vlab.co.in/broad-area-computer-science-and-engineering
simulation/exp4/References.html     http://www.sakshat.ac.in/
simulation/exp4/References.html     http://outreach.vlabs.ac.in/
simulation/exp4/References.html     http://vlab.co.in/faq
simulation/exp4/Simulator.html     http://vlab.co.in/
simulation/exp4/Simulator.html     http://vlab.co.in/
simulation/exp4/Simulator.html     http://vlab.co.in/participating-institutes
simulation/exp4/Simulator.html     http://vlab.co.in/contact-us
simulation/exp4/Simulator.html     http://vlab.co.in/broad-area-computer-science-and-engineering
simulation/exp4/Simulator.html     http://www.sakshat.ac.in/
simulation/exp4/Simulator.html     http://outreach.vlabs.ac.in/
simulation/exp4/Simulator.html     http://vlab.co.in/faq
simulation/exp4/Theory.html     http://vlab.co.in/
simulation/exp4/Theory.html     http://vlab.co.in/
simulation/exp4/Theory.html     http://vlab.co.in/participating-institutes
simulation/exp4/Theory.html     http://vlab.co.in/contact-us
simulation/exp4/Theory.html     http://vlab.co.in/broad-area-computer-science-and-engineering
simulation/exp4/Theory.html     http://www.sakshat.ac.in/
simulation/exp4/Theory.html     http://outreach.vlabs.ac.in/
simulation/exp4/Theory.html     http://vlab.co.in/faq
simulation/exp4/junk/themes/JQuery/development-bundle/demos/index.html     http://jqueryui.com/docs/Getting_Started
simulation/exp4/junk/themes/JQuery/development-bundle/demos/index.html     http://jqueryui.com/docs/Upgrade_Guide
simulation/exp4/junk/themes/JQuery/development-bundle/demos/index.html     http://jqueryui.com/docs/Changelog
simulation/exp4/junk/themes/JQuery/development-bundle/demos/index.html     http://jqueryui.com/docs/Roadmap
simulation/exp4/junk/themes/JQuery/development-bundle/demos/index.html     http://jqueryui.com/docs/Subversion
simulation/exp4/junk/themes/JQuery/development-bundle/demos/index.html     http://jqueryui.com/docs/Developer_Guide
simulation/exp4/junk/themes/JQuery/development-bundle/demos/index.html     http://jqueryui.com/docs/Theming
simulation/exp4/junk/themes/JQuery/development-bundle/demos/index.html     http://jqueryui.com/docs/Theming/API
simulation/exp4/junk/themes/JQuery/development-bundle/demos/index.html     http://jqueryui.com/docs/Theming/Themeroller
simulation/exp4/junk/themes/JQuery/development-bundle/demos/index.html     http://jqueryui.com/docs/Theming/ThemeSwitcher
simulation/exp4/junk/themes/JQuery/development-bundle/docs/accordion.html     http://www.themeroller.com
simulation/exp4/junk/themes/JQuery/development-bundle/docs/accordion.html     http://docs.jquery.com/action/edit/UI/API/1.8/Accordion?section=1
simulation/exp4/junk/themes/JQuery/development-bundle/docs/addClass.html     http://docs.jquery.com/action/edit/UI/Effects/addClass?section=1
simulation/exp4/junk/themes/JQuery/development-bundle/docs/addClass.html     http://docs.jquery.com/Events/click
simulation/exp4/junk/themes/JQuery/development-bundle/docs/addClass.html     http://docs.jquery.com/Events/click
simulation/exp4/junk/themes/JQuery/development-bundle/docs/animate.html     http://docs.jquery.com/Effects/animate
simulation/exp4/junk/themes/JQuery/development-bundle/docs/animate.html     http://docs.jquery.com/Effects/animate
simulation/exp4/junk/themes/JQuery/development-bundle/docs/animate.html     http://docs.jquery.com/Events/toggle
simulation/exp4/junk/themes/JQuery/development-bundle/docs/animate.html     http://docs.jquery.com/Effects/animate
simulation/exp4/junk/themes/JQuery/development-bundle/docs/animate.html     http://www.w3.org/TR/html4/loose.dtd
simulation/exp4/junk/themes/JQuery/development-bundle/docs/animate.html     http://code.jquery.com/jquery-latest.js
simulation/exp4/junk/themes/JQuery/development-bundle/docs/animate.html     http://docs.jquery.com/Events/toggle
simulation/exp4/junk/themes/JQuery/development-bundle/docs/animate.html     http://docs.jquery.com/Effects/animate
simulation/exp4/junk/themes/JQuery/development-bundle/docs/datepicker.html     http://docs.jquery.com/action/edit/UI/API/1.8/Datepicker?section=1
simulation/exp4/junk/themes/JQuery/development-bundle/docs/animate.html     http://docs.jquery.com/Effects/animate
simulation/exp4/junk/themes/JQuery/development-bundle/docs/datepicker.html     http://docs.jquery.com/UI/Datepicker/setDefaults
simulation/exp4/junk/themes/JQuery/development-bundle/docs/datepicker.html     http://docs.jquery.com/UI/Datepicker/formatDate
simulation/exp4/junk/themes/JQuery/development-bundle/docs/datepicker.html     http://docs.jquery.com/UI/Datepicker/parseDate
simulation/exp4/junk/themes/JQuery/development-bundle/docs/datepicker.html     http://docs.jquery.com/UI/Datepicker/iso8601Week
simulation/exp4/junk/themes/JQuery/development-bundle/docs/datepicker.html     http://docs.jquery.com/UI/Datepicker/noWeekends
simulation/exp4/junk/themes/JQuery/development-bundle/docs/datepicker.html     http://docs.jquery.com/action/edit/UI/API/1.8/Datepicker?section=2
simulation/exp4/junk/themes/JQuery/development-bundle/docs/datepicker.html     http://jquery-ui.googlecode.com/svn/trunk/ui/i18n/
simulation/exp4/junk/themes/JQuery/development-bundle/docs/datepicker.html     http://docs.jquery.com/UI/Datepicker#option-altFormat
simulation/exp4/junk/themes/JQuery/development-bundle/docs/datepicker.html     http://docs.jquery.com/UI/Datepicker#option-dateFormat
simulation/exp4/junk/themes/JQuery/development-bundle/docs/datepicker.html     http://docs.jquery.com/UI/Datepicker#option-altField
simulation/exp4/junk/themes/JQuery/development-bundle/docs/datepicker.html     http://docs.jquery.com/UI/Datepicker/formatDate
simulation/exp4/junk/themes/JQuery/development-bundle/docs/datepicker.html     http://docs.jquery.com/UI/Datepicker#option-dateFormat
simulation/exp4/junk/themes/JQuery/development-bundle/docs/datepicker.html     http://docs.jquery.com/UI/Datepicker#option-buttonText
simulation/exp4/junk/themes/JQuery/development-bundle/docs/datepicker.html     http://docs.jquery.com/UI/Datepicker#option-showOn
simulation/exp4/junk/themes/JQuery/development-bundle/docs/datepicker.html     http://docs.jquery.com/UI/Datepicker#option-yearRange
simulation/exp4/junk/themes/JQuery/development-bundle/docs/datepicker.html     http://docs.jquery.com/UI/Datepicker#option-showButtonPanel
simulation/exp4/junk/themes/JQuery/development-bundle/docs/datepicker.html     http://docs.jquery.com/UI/Datepicker#option-dateFormat
simulation/exp4/junk/themes/JQuery/development-bundle/docs/datepicker.html     http://docs.jquery.com/UI/Datepicker#option-showButtonPanel
simulation/exp4/junk/themes/JQuery/development-bundle/docs/datepicker.html     http://docs.jquery.com/UI/Datepicker/formatDate
simulation/exp4/junk/themes/JQuery/development-bundle/docs/datepicker.html     http://docs.jquery.com/UI/Datepicker#option-dateFormat
simulation/exp4/junk/themes/JQuery/development-bundle/docs/datepicker.html     http://docs.jquery.com/UI/Datepicker#option-dateFormat
simulation/exp4/junk/themes/JQuery/development-bundle/docs/datepicker.html     http://docs.jquery.com/UI/Datepicker#option-dateFormat
simulation/exp4/junk/themes/JQuery/development-bundle/docs/datepicker.html     http://docs.jquery.com/UI/Datepicker#option-maxDate
simulation/exp4/junk/themes/JQuery/development-bundle/docs/datepicker.html     http://docs.jquery.com/UI/Datepicker#option-minDate
simulation/exp4/junk/themes/JQuery/development-bundle/docs/datepicker.html     http://docs.jquery.com/UI/Datepicker#option-dateFormat
simulation/exp4/junk/themes/JQuery/development-bundle/docs/datepicker.html     http://docs.jquery.com/UI/Datepicker#option-dateFormat
simulation/exp4/junk/themes/JQuery/development-bundle/docs/datepicker.html     http://docs.jquery.com/UI/Datepicker#option-dateFormat
simulation/exp4/junk/themes/JQuery/development-bundle/docs/datepicker.html     http://docs.jquery.com/UI/Datepicker#option-dateFormat
simulation/exp4/junk/themes/JQuery/development-bundle/docs/datepicker.html     http://docs.jquery.com/UI/Datepicker#option-prevText
simulation/exp4/junk/themes/JQuery/development-bundle/docs/datepicker.html     http://docs.jquery.com/UI/Datepicker#option-nextText
simulation/exp4/junk/themes/JQuery/development-bundle/docs/datepicker.html     http://docs.jquery.com/UI/Datepicker/formatDate
simulation/exp4/junk/themes/JQuery/development-bundle/docs/datepicker.html     http://docs.jquery.com/UI/Datepicker#option-currentText
simulation/exp4/junk/themes/JQuery/development-bundle/docs/datepicker.html     http://docs.jquery.com/UI/Datepicker#option-showOtherMonths
simulation/exp4/junk/themes/JQuery/development-bundle/docs/datepicker.html     http://docs.jquery.com/UI/Datepicker#option-dateFormat
simulation/exp4/junk/themes/JQuery/development-bundle/docs/datepicker.html     http://docs.jquery.com/UI/Effects
simulation/exp4/junk/themes/JQuery/development-bundle/docs/datepicker.html     http://docs.jquery.com/UI/Datepicker#option-numberOfMonths
simulation/exp4/junk/themes/JQuery/development-bundle/docs/datepicker.html     http://docs.jquery.com/UI/Datepicker#option-showAnim
simulation/exp4/junk/themes/JQuery/development-bundle/docs/datepicker.html     http://docs.jquery.com/UI/Datepicker#option-selectOtherMonths
simulation/exp4/junk/themes/JQuery/development-bundle/docs/datepicker.html     http://docs.jquery.com/UI/Datepicker#option-calculateWeek
simulation/exp4/junk/themes/JQuery/development-bundle/docs/datepicker.html     http://docs.jquery.com/UI/Datepicker#option-firstDay
simulation/exp4/junk/themes/JQuery/development-bundle/docs/datepicker.html     http://docs.jquery.com/UI/Datepicker#option-showWeek
simulation/exp4/junk/themes/JQuery/development-bundle/docs/datepicker.html     http://docs.jquery.com/UI/Datepicker#option-minDate
simulation/exp4/junk/themes/JQuery/development-bundle/docs/datepicker.html     http://docs.jquery.com/UI/Datepicker#option-maxDate
simulation/exp4/junk/themes/JQuery/development-bundle/docs/datepicker.html     http://docs.jquery.com/UI/Datepicker#option-dateFormat
simulation/exp4/junk/themes/JQuery/development-bundle/docs/dialog.html     http://blog.nemikor.com/2009/04/08/basic-usage-of-the-jquery-ui-dialog/
simulation/exp4/junk/themes/JQuery/development-bundle/docs/dialog.html     http://www.jsfiddle.net/Jp7TM/18/
simulation/exp4/junk/themes/JQuery/development-bundle/docs/draggable.html     http://jsbin.com/etako/edit
simulation/exp4/junk/themes/JQuery/development-bundle/docs/effect.html     http://docs.jquery.com/action/edit/UI/Effects/effect?section=1
simulation/exp4/junk/themes/JQuery/development-bundle/docs/droppable.html     http://docs.jquery.com/UI/Draggable
simulation/exp4/junk/themes/JQuery/development-bundle/docs/effect.html     http://docs.jquery.com/Events/click
simulation/exp4/junk/themes/JQuery/development-bundle/docs/effect.html     http://docs.jquery.com/Events/click
simulation/exp4/junk/themes/JQuery/development-bundle/docs/hide.html     http://docs.jquery.com/action/edit/UI/Effects/hide?section=1
simulation/exp4/junk/themes/JQuery/development-bundle/docs/hide.html     http://docs.jquery.com/Events/click
simulation/exp4/junk/themes/JQuery/development-bundle/docs/hide.html     http://docs.jquery.com/Events/click
simulation/exp4/junk/themes/JQuery/development-bundle/docs/removeClass.html     http://docs.jquery.com/action/edit/UI/Effects/removeClass?section=1
simulation/exp4/junk/themes/JQuery/development-bundle/docs/removeClass.html     http://docs.jquery.com/Events/click
simulation/exp4/junk/themes/JQuery/development-bundle/docs/removeClass.html     http://docs.jquery.com/Events/click
simulation/exp4/junk/themes/JQuery/development-bundle/docs/show.html     http://docs.jquery.com/action/edit/UI/Effects/show?section=1
simulation/exp4/junk/themes/JQuery/development-bundle/docs/show.html     http://docs.jquery.com/Events/click
simulation/exp4/junk/themes/JQuery/development-bundle/docs/show.html     http://docs.jquery.com/Events/click
simulation/exp4/junk/themes/JQuery/development-bundle/docs/switchClass.html     http://docs.jquery.com/action/edit/UI/Effects/switchClass?section=1
simulation/exp4/junk/themes/JQuery/development-bundle/docs/switchClass.html     http://docs.jquery.com/Events/click
simulation/exp4/junk/themes/JQuery/development-bundle/docs/switchClass.html     http://docs.jquery.com/Events/click
simulation/exp4/junk/themes/JQuery/development-bundle/docs/tabs.html     http://docs.jquery.com/action/edit/Template:UIAPIPlugin?section=1
simulation/exp4/junk/themes/JQuery/development-bundle/docs/tabs.html     http://docs.jquery.com/action/edit/Template:UIAPIPlugin?section=2
simulation/exp4/junk/themes/JQuery/development-bundle/docs/tabs.html     http://docs.jquery.com/action/edit/Template:UIAPIPlugin?section=4
simulation/exp4/junk/themes/JQuery/development-bundle/docs/tabs.html     http://docs.jquery.com/action/edit/Template:UIAPIPlugin?section=3
simulation/exp4/junk/themes/JQuery/development-bundle/docs/tabs.html     http://docs.jquery.com/action/edit/Template:UIAPIPlugin?section=5
simulation/exp4/junk/themes/JQuery/development-bundle/docs/tabs.html     http://docs.jquery.com/action/edit/Template:UIAPIPlugin?section=6
simulation/exp4/junk/themes/JQuery/development-bundle/docs/tabs.html     http://docs.jquery.com/action/edit/Template:UIAPIPlugin?section=7
simulation/exp4/junk/themes/JQuery/development-bundle/docs/tabs.html     http://docs.jquery.com/action/edit/Template:UIAPIPlugin?section=8
simulation/exp4/junk/themes/JQuery/development-bundle/docs/tabs.html     http://docs.jquery.com/action/edit/Template:UIAPIPlugin?section=9
simulation/exp4/junk/themes/JQuery/development-bundle/docs/tabs.html     http://docs.jquery.com/action/edit/Template:UIAPIPlugin?section=10
simulation/exp4/junk/themes/JQuery/development-bundle/docs/tabs.html     http://www.useit.com/alertbox/tabs.html
simulation/exp4/junk/themes/JQuery/development-bundle/docs/tabs.html     http://docs.jquery.com/action/edit/Template:UIAPIPlugin?section=12
simulation/exp4/junk/themes/JQuery/development-bundle/docs/tabs.html     http://docs.jquery.com/action/edit/Template:UIAPIPlugin?section=11
simulation/exp4/junk/themes/JQuery/development-bundle/docs/tabs.html     http://docs.jquery.com/action/edit/Template:UIAPIPlugin?section=13
simulation/exp4/junk/themes/JQuery/development-bundle/docs/tabs.html     http://plugins.jquery.com/project/cookie
simulation/exp4/junk/themes/JQuery/development-bundle/docs/toggle.html     http://docs.jquery.com/action/edit/UI/Effects/toggle?section=1
simulation/exp4/junk/themes/JQuery/development-bundle/docs/toggle.html     http://docs.jquery.com/Events/click
simulation/exp4/junk/themes/JQuery/development-bundle/docs/toggle.html     http://docs.jquery.com/Events/click
simulation/exp4/junk/themes/JQuery/development-bundle/docs/toggleClass.html     http://docs.jquery.com/action/edit/UI/Effects/toggleClass?section=1
simulation/exp4/junk/themes/JQuery/development-bundle/docs/toggleClass.html     http://docs.jquery.com/Events/click
simulation/exp4/junk/themes/JQuery/development-bundle/docs/toggleClass.html     http://docs.jquery.com/Events/click
simulation/exp4/junk/themes/JQuery/development-bundle/demos/autocomplete/remote-jsonp.html     http://geonames.org
simulation/exp4/junk/themes/JQuery/development-bundle/demos/autocomplete/remote-jsonp.html     http://geonames.org
simulation/exp4/junk/themes/JQuery/development-bundle/demos/dialog/default.html     http://example.com
simulation/exp4/junk/themes/JQuery/development-bundle/demos/dialog/modal-confirmation.html     http://example.com
simulation/exp4/junk/themes/JQuery/development-bundle/demos/dialog/modal-message.html     http://example.com
simulation/exp4/junk/themes/JQuery/development-bundle/demos/dialog/modal.html     http://example.com
simulation/exp4/junk/themes/JQuery/development-bundle/demos/position/cycler.html     http://wiki.jqueryui.com/Photoviewer
